<?xml version="1.0" encoding="UTF-8"?>
<testng-results ignored="0" total="4" passed="4" failed="0" skipped="0">
  <reporter-output>
  </reporter-output>
  <suite started-at="2022-01-19T15:30:41 IST" name="Suite" finished-at="2022-01-19T15:30:41 IST" duration-ms="85">
    <groups>
    </groups>
    <test started-at="2022-01-19T15:30:41 IST" name="Test" finished-at="2022-01-19T15:30:41 IST" duration-ms="85">
      <class name="MavenLearning.MavenLearningA.RESTAPITest">
        <test-method signature="deleteTwitter()[pri:0, instance:MavenLearning.MavenLearningA.RESTAPITest@6f46426d]" started-at="2022-01-19T15:30:41 IST" name="deleteTwitter" finished-at="2022-01-19T15:30:41 IST" duration-ms="2" status="PASS">
          <reporter-output>
          </reporter-output>
        </test-method> <!-- deleteTwitter -->
        <test-method signature="postJira()[pri:0, instance:MavenLearning.MavenLearningA.RESTAPITest@6f46426d]" started-at="2022-01-19T15:30:41 IST" name="postJira" finished-at="2022-01-19T15:30:41 IST" duration-ms="2" status="PASS">
          <reporter-output>
          </reporter-output>
        </test-method> <!-- postJira -->
      </class> <!-- MavenLearning.MavenLearningA.RESTAPITest -->
      <class name="MavenLearning.MavenLearningA.SeleniumTest">
        <test-method signature="BrowserAUtomation()[pri:0, instance:MavenLearning.MavenLearningA.SeleniumTest@20f5239f]" started-at="2022-01-19T15:30:41 IST" name="BrowserAUtomation" finished-at="2022-01-19T15:30:41 IST" duration-ms="12" status="PASS">
          <reporter-output>
          </reporter-output>
        </test-method> <!-- BrowserAUtomation -->
        <test-method signature="elementsUi()[pri:0, instance:MavenLearning.MavenLearningA.SeleniumTest@20f5239f]" started-at="2022-01-19T15:30:41 IST" name="elementsUi" finished-at="2022-01-19T15:30:41 IST" duration-ms="2" status="PASS">
          <reporter-output>
          </reporter-output>
        </test-method> <!-- elementsUi -->
      </class> <!-- MavenLearning.MavenLearningA.SeleniumTest -->
    </test> <!-- Test -->
  </suite> <!-- Suite -->
</testng-results>
