<?xml version="1.0" encoding="UTF-8"?>
<!-- Generated by org.testng.reporters.JUnitXMLReporter -->
<testsuite hostname="XE-GGN-IT-04612" ignored="0" name="Command line test" tests="6" failures="0" timestamp="2022-01-19T15:49:16 IST" time="0.077" errors="0">
  <testcase name="IOSApps" time="0.008" classname="MavenLearning.MavenLearningA.AppiumTest"/>
  <testcase name="NativeAPpAndroid" time="0.0" classname="MavenLearning.MavenLearningA.AppiumTest"/>
  <testcase name="deleteTwitter" time="0.001" classname="MavenLearning.MavenLearningA.RESTAPITest"/>
  <testcase name="postJira" time="0.001" classname="MavenLearning.MavenLearningA.RESTAPITest"/>
  <testcase name="BrowserAUtomation" time="0.001" classname="MavenLearning.MavenLearningA.SeleniumTest"/>
  <testcase name="elementsUi" time="0.0" classname="MavenLearning.MavenLearningA.SeleniumTest"/>
</testsuite> <!-- Command line test -->
