<?xml version="1.0" encoding="UTF-8"?>
<!-- Generated by org.testng.reporters.JUnitXMLReporter -->
<testsuite ignored="0" hostname="XE-GGN-IT-04612" failures="0" tests="4" name="Test" time="0.085" errors="0" timestamp="2022-01-19T15:30:41 IST">
  <testcase classname="MavenLearning.MavenLearningA.SeleniumTest" name="BrowserAUtomation" time="0.012"/>
  <testcase classname="MavenLearning.MavenLearningA.SeleniumTest" name="elementsUi" time="0.002"/>
  <testcase classname="MavenLearning.MavenLearningA.RESTAPITest" name="deleteTwitter" time="0.002"/>
  <testcase classname="MavenLearning.MavenLearningA.RESTAPITest" name="postJira" time="0.002"/>
</testsuite> <!-- Test -->
