<?xml version="1.0" encoding="UTF-8"?>
<!-- Generated by org.testng.reporters.JUnitXMLReporter -->
<testsuite ignored="1" hostname="XE-GGN-IT-04612" failures="0" tests="1" name="Default test" time="0.127" errors="0" timestamp="2022-01-19T01:26:03 IST">
  <testcase classname="MavenLearning.MavenLearningA.SeleniumTest" name="BrowserAUtomation" time="0.02"/>
  <testcase classname="MavenLearning.MavenLearningA.SeleniumTest" name="elementsUi" time="0.0">
    <ignored/>
  </testcase> <!-- elementsUi -->
</testsuite> <!-- Default test -->
